This is pdfTeX, Version 3.141592653-2.6-1.40.26 (TeX Live 2024) (preloaded format=pdflatex 2024.7.1)  1 DEC 2025 17:00
entering extended mode
 restricted \write18 enabled.
 file:line:error style messages enabled.
 %&-line parsing enabled.
**"/Users/keeper/Library/CloudStorage/GoogleDrive-m.zakeri@eku.edu/My Drive/Research/Tools/Coding/CompactStar/docs/doxygen_output/html/_formulas_dark.tex"
(/Users/keeper/Library/CloudStorage/GoogleDrive-m.zakeri@eku.edu/My Drive/Research/Tools/Coding/CompactStar/docs/doxygen_output/html/_formulas_dark.tex
LaTeX2e <2023-11-01> patch level 1
L3 programming layer <2024-02-20>
(/usr/local/texlive/2024/texmf-dist/tex/latex/base/article.cls
Document Class: article 2023/05/17 v1.4n Standard LaTeX document class
(/usr/local/texlive/2024/texmf-dist/tex/latex/base/size10.clo
File: size10.clo 2023/05/17 v1.4n Standard LaTeX file (size option)
)
\c@part=\count188
\c@section=\count189
\c@subsection=\count190
\c@subsubsection=\count191
\c@paragraph=\count192
\c@subparagraph=\count193
\c@figure=\count194
\c@table=\count195
\abovecaptionskip=\skip48
\belowcaptionskip=\skip49
\bibindent=\dimen140
) (/usr/local/texlive/2024/texmf-dist/tex/latex/base/ifthen.sty
Package: ifthen 2022/04/13 v1.1d Standard LaTeX ifthen package (DPC)
) (/usr/local/texlive/2024/texmf-dist/tex/latex/graphics/epsfig.sty
Package: epsfig 2017/06/25 v1.7b (e)psfig emulation (SPQR)
 (/usr/local/texlive/2024/texmf-dist/tex/latex/graphics/graphicx.sty
Package: graphicx 2021/09/16 v1.2d Enhanced LaTeX Graphics (DPC,SPQR)
 (/usr/local/texlive/2024/texmf-dist/tex/latex/graphics/keyval.sty
Package: keyval 2022/05/29 v1.15 key=value parser (DPC)
\KV@toks@=\toks17
) (/usr/local/texlive/2024/texmf-dist/tex/latex/graphics/graphics.sty
Package: graphics 2022/03/10 v1.4e Standard LaTeX Graphics (DPC,SPQR)
 (/usr/local/texlive/2024/texmf-dist/tex/latex/graphics/trig.sty
Package: trig 2021/08/11 v1.11 sin cos tan (DPC)
) (/usr/local/texlive/2024/texmf-dist/tex/latex/graphics-cfg/graphics.cfg
File: graphics.cfg 2016/06/04 v1.11 sample graphics configuration
)
Package graphics Info: Driver file: pdftex.def on input line 107.
 (/usr/local/texlive/2024/texmf-dist/tex/latex/graphics-def/pdftex.def
File: pdftex.def 2022/09/22 v1.2b Graphics/color driver for pdftex
))
\Gin@req@height=\dimen141
\Gin@req@width=\dimen142
)
\epsfxsize=\dimen143
\epsfysize=\dimen144
) (/usr/local/texlive/2024/texmf-dist/tex/latex/base/inputenc.sty
Package: inputenc 2021/02/14 v1.3d Input encoding file
\inpenc@prehook=\toks18
\inpenc@posthook=\toks19
) (/usr/local/texlive/2024/texmf-dist/tex/latex/xcolor/xcolor.sty
Package: xcolor 2023/11/15 v3.01 LaTeX color extensions (UK)
 (/usr/local/texlive/2024/texmf-dist/tex/latex/graphics-cfg/color.cfg
File: color.cfg 2016/01/02 v1.6 sample color configuration
)
Package xcolor Info: Driver file: pdftex.def on input line 274.
 (/usr/local/texlive/2024/texmf-dist/tex/latex/graphics/mathcolor.ltx)
Package xcolor Info: Model `cmy' substituted by `cmy0' on input line 1350.
Package xcolor Info: Model `hsb' substituted by `rgb' on input line 1354.
Package xcolor Info: Model `RGB' extended on input line 1366.
Package xcolor Info: Model `HTML' substituted by `rgb' on input line 1368.
Package xcolor Info: Model `Hsb' substituted by `hsb' on input line 1369.
Package xcolor Info: Model `tHsb' substituted by `hsb' on input line 1370.
Package xcolor Info: Model `HSB' substituted by `hsb' on input line 1371.
Package xcolor Info: Model `Gray' substituted by `gray' on input line 1372.
Package xcolor Info: Model `wave' substituted by `hsb' on input line 1373.
) (/usr/local/texlive/2024/texmf-dist/tex/latex/newunicodechar/newunicodechar.sty
Package: newunicodechar 2018/04/08 v1.2 Defining Unicode characters
)

Package newunicodechar Warning: Redefining Unicode character on input line 10.


Package newunicodechar Warning: Redefining Unicode character on input line 11.

(/usr/local/texlive/2024/texmf-dist/tex/latex/l3backend/l3backend-pdftex.def
File: l3backend-pdftex.def 2024-02-20 L3 backend support: PDF output (pdfTeX)
\l__color_backend_stack_int=\count196
\l__pdf_internal_box=\box51
)
No file _formulas_dark.aux.
\openout1 = `_formulas_dark.aux'.

LaTeX Font Info:    Checking defaults for OML/cmm/m/it on input line 14.
LaTeX Font Info:    ... okay on input line 14.
LaTeX Font Info:    Checking defaults for OMS/cmsy/m/n on input line 14.
LaTeX Font Info:    ... okay on input line 14.
LaTeX Font Info:    Checking defaults for OT1/cmr/m/n on input line 14.
LaTeX Font Info:    ... okay on input line 14.
LaTeX Font Info:    Checking defaults for T1/cmr/m/n on input line 14.
LaTeX Font Info:    ... okay on input line 14.
LaTeX Font Info:    Checking defaults for TS1/cmr/m/n on input line 14.
LaTeX Font Info:    ... okay on input line 14.
LaTeX Font Info:    Checking defaults for OMX/cmex/m/n on input line 14.
LaTeX Font Info:    ... okay on input line 14.
LaTeX Font Info:    Checking defaults for U/cmr/m/n on input line 14.
LaTeX Font Info:    ... okay on input line 14.
(/usr/local/texlive/2024/texmf-dist/tex/context/base/mkii/supp-pdf.mkii
[Loading MPS to PDF converter (version 2006.09.02).]
\scratchcounter=\count197
\scratchdimen=\dimen145
\scratchbox=\box52
\nofMPsegments=\count198
\nofMParguments=\count199
\everyMPshowfont=\toks20
\MPscratchCnt=\count266
\MPscratchDim=\dimen146
\MPnumerator=\count267
\makeMPintoPDFobject=\count268
\everyMPtoPDFconversion=\toks21
) (/usr/local/texlive/2024/texmf-dist/tex/latex/epstopdf-pkg/epstopdf-base.sty
Package: epstopdf-base 2020-01-24 v2.11 Base part for package epstopdf
Package epstopdf-base Info: Redefining graphics rule for `.eps' on input line 485.
 (/usr/local/texlive/2024/texmf-dist/tex/latex/latexconfig/epstopdf-sys.cfg
File: epstopdf-sys.cfg 2010/07/13 v1.3 Configuration of (r)epstopdf for TeX Live
))
LaTeX Font Info:    External font `cmex10' loaded for size
(Font)              <7> on input line 15.
LaTeX Font Info:    External font `cmex10' loaded for size
(Font)              <5> on input line 15.
 [1

{/usr/local/texlive/2024/texmf-var/fonts/map/pdftex/updmap/pdftex.map}]
/Users/keeper/Library/CloudStorage/GoogleDrive-m.zakeri@eku.edu/My Drive/Research/Tools/Coding/CompactStar/docs/doxygen_output/html/_formulas_dark.tex:18: Undefined control sequence.
l.18 $ \varepsilon \simeq 10^{10}\ \text
                                        {g cm}^{-3} \approx 7.4237\times10^{...
The control sequence at the end of the top line
of your error message was never \def'ed. If you have
misspelled it (e.g., `\hobx'), type `I' and the correct
spelling (e.g., `I\hbox'). Otherwise just continue,
and I'll forget about whatever was undefined.

/Users/keeper/Library/CloudStorage/GoogleDrive-m.zakeri@eku.edu/My Drive/Research/Tools/Coding/CompactStar/docs/doxygen_output/html/_formulas_dark.tex:18: Undefined control sequence.
l.18 ...m}^{-3} \approx 7.4237\times10^{-9}\ \text
                                                  {km}^{-2} $
The control sequence at the end of the top line
of your error message was never \def'ed. If you have
misspelled it (e.g., `\hobx'), type `I' and the correct
spelling (e.g., `I\hbox'). Otherwise just continue,
and I'll forget about whatever was undefined.

[2] [3] [4]
/Users/keeper/Library/CloudStorage/GoogleDrive-m.zakeri@eku.edu/My Drive/Research/Tools/Coding/CompactStar/docs/doxygen_output/html/_formulas_dark.tex:27: Undefined control sequence.
l.27 $ \varepsilon_{\text
                         {floor}} = f \times \varepsilon_{\min} $
The control sequence at the end of the top line
of your error message was never \def'ed. If you have
misspelled it (e.g., `\hobx'), type `I' and the correct
spelling (e.g., `I\hbox'). Otherwise just continue,
and I'll forget about whatever was undefined.

[5]
/Users/keeper/Library/CloudStorage/GoogleDrive-m.zakeri@eku.edu/My Drive/Research/Tools/Coding/CompactStar/docs/doxygen_output/html/_formulas_dark.tex:30: Undefined control sequence.
l.30 $Q_\nu(r, T, \boldsymbol
                             {\eta})$
The control sequence at the end of the top line
of your error message was never \def'ed. If you have
misspelled it (e.g., `\hobx'), type `I' and the correct
spelling (e.g., `I\hbox'). Otherwise just continue,
and I'll forget about whatever was undefined.

[6]
/Users/keeper/Library/CloudStorage/GoogleDrive-m.zakeri@eku.edu/My Drive/Research/Tools/Coding/CompactStar/docs/doxygen_output/html/_formulas_dark.tex:33: Undefined control sequence.
l.33 $H(r, T, \boldsymbol
                         {\eta})$
The control sequence at the end of the top line
of your error message was never \def'ed. If you have
misspelled it (e.g., `\hobx'), type `I' and the correct
spelling (e.g., `I\hbox'). Otherwise just continue,
and I'll forget about whatever was undefined.

[7]
/Users/keeper/Library/CloudStorage/GoogleDrive-m.zakeri@eku.edu/My Drive/Research/Tools/Coding/CompactStar/docs/doxygen_output/html/_formulas_dark.tex:36: Undefined control sequence.
l.36 $\dot{\boldsymbol
                      {\eta}}$
The control sequence at the end of the top line
of your error message was never \def'ed. If you have
misspelled it (e.g., `\hobx'), type `I' and the correct
spelling (e.g., `I\hbox'). Otherwise just continue,
and I'll forget about whatever was undefined.

[8] [9] [10] [11] [12] [13] [14] [15] [16]
/Users/keeper/Library/CloudStorage/GoogleDrive-m.zakeri@eku.edu/My Drive/Research/Tools/Coding/CompactStar/docs/doxygen_output/html/_formulas_dark.tex:63: Undefined control sequence.
<recently read> \boldsymbol 
                            
l.63 $\boldsymbol
                 {\eta}$
The control sequence at the end of the top line
of your error message was never \def'ed. If you have
misspelled it (e.g., `\hobx'), type `I' and the correct
spelling (e.g., `I\hbox'). Otherwise just continue,
and I'll forget about whatever was undefined.

[17] [18] [19] [20] [21] [22] [23]
/Users/keeper/Library/CloudStorage/GoogleDrive-m.zakeri@eku.edu/My Drive/Research/Tools/Coding/CompactStar/docs/doxygen_output/html/_formulas_dark.tex:84: Missing $ inserted.
<inserted text> 
                $
l.84 e^
       {\nu}, e^{\Lambda}
I've inserted a begin-math/end-math symbol since I think
you left one out. Proceed, with fingers crossed.

/Users/keeper/Library/CloudStorage/GoogleDrive-m.zakeri@eku.edu/My Drive/Research/Tools/Coding/CompactStar/docs/doxygen_output/html/_formulas_dark.tex:86: Missing $ inserted.
<inserted text> 
                $
l.86 
     
I've inserted a begin-math/end-math symbol since I think
you left one out. Proceed, with fingers crossed.

[24] [25] [26] [27] [28] [29] [30] [31] [32]
/Users/keeper/Library/CloudStorage/GoogleDrive-m.zakeri@eku.edu/My Drive/Research/Tools/Coding/CompactStar/docs/doxygen_output/html/_formulas_dark.tex:111: Undefined control sequence.
l.111 $\eta_i\f
                vector).
The control sequence at the end of the top line
of your error message was never \def'ed. If you have
misspelled it (e.g., `\hobx'), type `I' and the correct
spelling (e.g., `I\hbox'). Otherwise just continue,
and I'll forget about whatever was undefined.


LaTeX Warning: Command \textemdash invalid in math mode on input line 112.

/Users/keeper/Library/CloudStorage/GoogleDrive-m.zakeri@eku.edu/My Drive/Research/Tools/Coding/CompactStar/docs/doxygen_output/html/_formulas_dark.tex:115: Missing $ inserted.
<inserted text> 
                $
l.115 
      
I've inserted a begin-math/end-math symbol since I think
you left one out. Proceed, with fingers crossed.


Overfull \hbox (205.23918pt too wide) in paragraph at lines 111--115
\OML/cmm/m/it/10 LayoutisaflatcontiguousarraycompatiblewiththeglobalODEvector: \OMS/cmsy/m/n/10 ^^@ \OML/cmm/m/it/10 SizeisconfiguredonceviaResize\OT1/cmr/m/n/10 (\OML/cmm/m/it/10 N\OT1/cmr/m/n/10 )\OML/cmm/m/it/10 priortointegration:$ 
 []

/Users/keeper/Library/CloudStorage/GoogleDrive-m.zakeri@eku.edu/My Drive/Research/Tools/Coding/CompactStar/docs/doxygen_output/html/_formulas_dark.tex:138: Missing $ inserted.
<inserted text> 
                $
l.138 
      
I've inserted a begin-math/end-math symbol since I think
you left one out. Proceed, with fingers crossed.

[33]
/Users/keeper/Library/CloudStorage/GoogleDrive-m.zakeri@eku.edu/My Drive/Research/Tools/Coding/CompactStar/docs/doxygen_output/html/_formulas_dark.tex:139: Undefined control sequence.
l.139 $\eta_{npe}\f
                   ,
The control sequence at the end of the top line
of your error message was never \def'ed. If you have
misspelled it (e.g., `\hobx'), type `I' and the correct
spelling (e.g., `I\hbox'). Otherwise just continue,
and I'll forget about whatever was undefined.

[34] [35] [36] (./_formulas_dark.aux)
 ***********
LaTeX2e <2023-11-01> patch level 1
L3 programming layer <2024-02-20>
 ***********
 )
(\end occurred inside a group at level 1)

### simple group (level 1) entered at line 132 ({)
### bottom level 
Here is how much of TeX's memory you used:
 1918 strings out of 474116
 31267 string characters out of 5743683
 1927187 words of memory out of 5000000
 24306 multiletter control sequences out of 15000+600000
 558069 words of font info for 36 fonts, out of 8000000 for 9000
 1141 hyphenation exceptions out of 8191
 72i,6n,79p,367b,115s stack positions out of 10000i,1000n,20000p,200000b,200000s
</usr/local/texlive/2024/texmf-dist/fonts/type1/public/amsfonts/cm/cmmi10.pfb></usr/local/texlive/2024/texmf-dist/fonts/type1/public/amsfonts/cm/cmmi5.pfb></usr/local/texlive/2024/texmf-dist/fonts/type1/public/amsfonts/cm/cmmi7.pfb></usr/local/texlive/2024/texmf-dist/fonts/type1/public/amsfonts/cm/cmr10.pfb></usr/local/texlive/2024/texmf-dist/fonts/type1/public/amsfonts/cm/cmr7.pfb></usr/local/texlive/2024/texmf-dist/fonts/type1/public/amsfonts/cm/cmsy10.pfb></usr/local/texlive/2024/texmf-dist/fonts/type1/public/amsfonts/cm/cmsy7.pfb>
Output written on _formulas_dark.pdf (36 pages, 95557 bytes).
PDF statistics:
 155 PDF objects out of 1000 (max. 8388607)
 101 compressed objects within 2 object streams
 0 named destinations out of 1000 (max. 500000)
 1 words of extra memory for PDF output out of 10000 (max. 10000000)

